# JRE version: OpenJDK Runtime Environment (8.0_242-b01) (build 1.8.0_242-release-1644-b01)
# Java VM: OpenJDK 64-Bit Server VM (25.242-b01 mixed mode windows-amd64 compressed oops)
Heap:
 PSYoungGen      total 228352K, used 39670K [0x00000000d5580000, 0x00000000e5480000, 0x0000000100000000)
  eden space 208384K, 9% used [0x00000000d5580000,0x00000000d68c3c98,0x00000000e2100000)
  from space 19968K, 99% used [0x00000000e3980000,0x00000000e4cf9cf0,0x00000000e4d00000)
  to   space 25088K, 0% used [0x00000000e2100000,0x00000000e2100000,0x00000000e3980000)
 ParOldGen       total 163840K, used 36160K [0x0000000080000000, 0x000000008a000000, 0x00000000d5580000)
  object space 163840K, 22% used [0x0000000080000000,0x00000000823501b0,0x000000008a000000)
 Metaspace       used 65140K, capacity 68168K, committed 68248K, reserved 1107968K
  class space    used 8986K, capacity 9575K, committed 9648K, reserved 1048576K
GC Heap History (10 events):
Event: 31.924 GC heap before
{Heap before GC invocations=11 (full 2):
 PSYoungGen      total 155136K, used 142336K [0x00000000d5580000, 0x00000000e0900000, 0x0000000100000000)
  eden space 142336K, 100% used [0x00000000d5580000,0x00000000de080000,0x00000000de080000)
  from space 12800K, 0% used [0x00000000dec80000,0x00000000dec80000,0x00000000df900000)
  to   space 12288K, 0% used [0x00000000de080000,0x00000000de080000,0x00000000dec80000)
 ParOldGen       total 112128K, used 14288K [0x0000000080000000, 0x0000000086d80000, 0x00000000d5580000)
  object space 112128K, 12% used [0x0000000080000000,0x0000000080df4330,0x0000000086d80000)
 Metaspace       used 42031K, capacity 43834K, committed 44072K, reserved 1087488K
  class space    used 5744K, capacity 6089K, committed 6192K, reserved 1048576K
Event: 31.934 GC heap after
Heap after GC invocations=11 (full 2):
 PSYoungGen      total 154624K, used 11434K [0x00000000d5580000, 0x00000000e1b00000, 0x0000000100000000)
  eden space 142336K, 0% used [0x00000000d5580000,0x00000000d5580000,0x00000000de080000)
  from space 12288K, 93% used [0x00000000de080000,0x00000000debaabb0,0x00000000dec80000)
  to   space 13312K, 0% used [0x00000000e0e00000,0x00000000e0e00000,0x00000000e1b00000)
 ParOldGen       total 112128K, used 14296K [0x0000000080000000, 0x0000000086d80000, 0x00000000d5580000)
  object space 112128K, 12% used [0x0000000080000000,0x0000000080df6330,0x0000000086d80000)
 Metaspace       used 42031K, capacity 43834K, committed 44072K, reserved 1087488K
  class space    used 5744K, capacity 6089K, committed 6192K, reserved 1048576K
}
Event: 34.932 GC heap before
{Heap before GC invocations=12 (full 2):
 PSYoungGen      total 154624K, used 153770K [0x00000000d5580000, 0x00000000e1b00000, 0x0000000100000000)
  eden space 142336K, 100% used [0x00000000d5580000,0x00000000de080000,0x00000000de080000)
  from space 12288K, 93% used [0x00000000de080000,0x00000000debaabb0,0x00000000dec80000)
  to   space 13312K, 0% used [0x00000000e0e00000,0x00000000e0e00000,0x00000000e1b00000)
 ParOldGen       total 112128K, used 14296K [0x0000000080000000, 0x0000000086d80000, 0x00000000d5580000)
  object space 112128K, 12% used [0x0000000080000000,0x0000000080df6330,0x0000000086d80000)
 Metaspace       used 54394K, capacity 56612K, committed 56872K, reserved 1097728K
  class space    used 7408K, capacity 7873K, committed 7984K, reserved 1048576K
Event: 34.957 GC heap after
Heap after GC invocations=12 (full 2):
 PSYoungGen      total 183808K, used 13300K [0x00000000d5580000, 0x00000000e2380000, 0x0000000100000000)
  eden space 170496K, 0% used [0x00000000d5580000,0x00000000d5580000,0x00000000dfc00000)
  from space 13312K, 99% used [0x00000000e0e00000,0x00000000e1afd300,0x00000000e1b00000)
  to   space 18432K, 0% used [0x00000000dfc00000,0x00000000dfc00000,0x00000000e0e00000)
 ParOldGen       total 112128K, used 24739K [0x0000000080000000, 0x0000000086d80000, 0x00000000d5580000)
  object space 112128K, 22% used [0x0000000080000000,0x0000000081828c80,0x0000000086d80000)
 Metaspace       used 54394K, capacity 56612K, committed 56872K, reserved 1097728K
  class space    used 7408K, capacity 7873K, committed 7984K, reserved 1048576K
}
Event: 35.755 GC heap before
{Heap before GC invocations=13 (full 2):
 PSYoungGen      total 183808K, used 46162K [0x00000000d5580000, 0x00000000e2380000, 0x0000000100000000)
  eden space 170496K, 19% used [0x00000000d5580000,0x00000000d7597830,0x00000000dfc00000)
  from space 13312K, 99% used [0x00000000e0e00000,0x00000000e1afd300,0x00000000e1b00000)
  to   space 18432K, 0% used [0x00000000dfc00000,0x00000000dfc00000,0x00000000e0e00000)
 ParOldGen       total 112128K, used 24739K [0x0000000080000000, 0x0000000086d80000, 0x00000000d5580000)
  object space 112128K, 22% used [0x0000000080000000,0x0000000081828c80,0x0000000086d80000)
 Metaspace       used 56548K, capacity 58900K, committed 59160K, reserved 1099776K
  class space    used 7741K, capacity 8215K, committed 8240K, reserved 1048576K
Event: 35.772 GC heap after
Heap after GC invocations=13 (full 2):
 PSYoungGen      total 188928K, used 16217K [0x00000000d5580000, 0x00000000e4d00000, 0x0000000100000000)
  eden space 170496K, 0% used [0x00000000d5580000,0x00000000d5580000,0x00000000dfc00000)
  from space 18432K, 87% used [0x00000000dfc00000,0x00000000e0bd6630,0x00000000e0e00000)
  to   space 19968K, 0% used [0x00000000e3980000,0x00000000e3980000,0x00000000e4d00000)
 ParOldGen       total 112128K, used 24747K [0x0000000080000000, 0x0000000086d80000, 0x00000000d5580000)
  object space 112128K, 22% used [0x0000000080000000,0x000000008182ac80,0x0000000086d80000)
 Metaspace       used 56548K, capacity 58900K, committed 59160K, reserved 1099776K
  class space    used 7741K, capacity 8215K, committed 8240K, reserved 1048576K
}
Event: 35.773 GC heap before
{Heap before GC invocations=14 (full 3):
 PSYoungGen      total 188928K, used 16217K [0x00000000d5580000, 0x00000000e4d00000, 0x0000000100000000)
  eden space 170496K, 0% used [0x00000000d5580000,0x00000000d5580000,0x00000000dfc00000)
  from space 18432K, 87% used [0x00000000dfc00000,0x00000000e0bd6630,0x00000000e0e00000)
  to   space 19968K, 0% used [0x00000000e3980000,0x00000000e3980000,0x00000000e4d00000)
 ParOldGen       total 112128K, used 24747K [0x0000000080000000, 0x0000000086d80000, 0x00000000d5580000)
  object space 112128K, 22% used [0x0000000080000000,0x000000008182ac80,0x0000000086d80000)
 Metaspace       used 56548K, capacity 58900K, committed 59160K, reserved 1099776K
  class space    used 7741K, capacity 8215K, committed 8240K, reserved 1048576K
Event: 36.041 GC heap after
Heap after GC invocations=14 (full 3):
 PSYoungGen      total 188928K, used 0K [0x00000000d5580000, 0x00000000e4d00000, 0x0000000100000000)
  eden space 170496K, 0% used [0x00000000d5580000,0x00000000d5580000,0x00000000dfc00000)
  from space 18432K, 0% used [0x00000000dfc00000,0x00000000dfc00000,0x00000000e0e00000)
  to   space 19968K, 0% used [0x00000000e3980000,0x00000000e3980000,0x00000000e4d00000)
 ParOldGen       total 163840K, used 30338K [0x0000000080000000, 0x000000008a000000, 0x00000000d5580000)
  object space 163840K, 18% used [0x0000000080000000,0x0000000081da0840,0x000000008a000000)
 Metaspace       used 56509K, capacity 58768K, committed 59160K, reserved 1099776K
  class space    used 7729K, capacity 8193K, committed 8240K, reserved 1048576K
}
Event: 47.454 GC heap before
{Heap before GC invocations=15 (full 3):
 PSYoungGen      total 188928K, used 169368K [0x00000000d5580000, 0x00000000e4d00000, 0x0000000100000000)
  eden space 170496K, 99% used [0x00000000d5580000,0x00000000dfae60c0,0x00000000dfc00000)
  from space 18432K, 0% used [0x00000000dfc00000,0x00000000dfc00000,0x00000000e0e00000)
  to   space 19968K, 0% used [0x00000000e3980000,0x00000000e3980000,0x00000000e4d00000)
 ParOldGen       total 163840K, used 30338K [0x0000000080000000, 0x000000008a000000, 0x00000000d5580000)
  object space 163840K, 18% used [0x0000000080000000,0x0000000081da0840,0x000000008a000000)
 Metaspace       used 64732K, capacity 67698K, committed 67864K, reserved 1107968K
  class space    used 8925K, capacity 9496K, committed 9520K, reserved 1048576K
Event: 47.490 GC heap after
Heap after GC invocations=15 (full 3):
 PSYoungGen      total 228352K, used 19943K [0x00000000d5580000, 0x00000000e5480000, 0x0000000100000000)
  eden space 208384K, 0% used [0x00000000d5580000,0x00000000d5580000,0x00000000e2100000)
  from space 19968K, 99% used [0x00000000e3980000,0x00000000e4cf9cf0,0x00000000e4d00000)
  to   space 25088K, 0% used [0x00000000e2100000,0x00000000e2100000,0x00000000e3980000)
 ParOldGen       total 163840K, used 36160K [0x0000000080000000, 0x000000008a000000, 0x00000000d5580000)
  object space 163840K, 22% used [0x0000000080000000,0x00000000823501b0,0x000000008a000000)
 Metaspace       used 64732K, capacity 67698K, committed 67864K, reserved 1107968K
  class space    used 8925K, capacity 9496K, committed 9520K, reserved 1048576K
}

